0 verbose cli C:\Program Files\nodejs\node.exe C:\Users\masab\AppData\Roaming\npm\node_modules\npm\bin\npm-cli.js
1 info using npm@11.12.1
2 info using node@v22.19.0
3 silly config load:file:C:\Users\masab\AppData\Roaming\npm\node_modules\npm\npmrc
4 silly config load:file:C:\Miskat\aldo\app-aldo\.npmrc
5 silly config load:file:C:\Users\masab\.npmrc
6 silly config load:file:C:\Users\masab\AppData\Roaming\npm\etc\npmrc
7 verbose title npm install
8 verbose argv "install" "--cache" ".npm-cache"
9 verbose logfile logs-max:10 dir:C:\Miskat\aldo\app-aldo\.npm-cache\_logs\2026-05-15T11_25_43_084Z-
10 verbose logfile C:\Miskat\aldo\app-aldo\.npm-cache\_logs\2026-05-15T11_25_43_084Z-debug-0.log
11 silly logfile done cleaning log files
12 silly packumentCache heap:2197815296 maxSize:549453824 maxEntrySize:274726912
13 http fetch GET https://registry.npmjs.org/npm attempt 1 failed with EACCES
14 silly idealTree buildDeps
15 silly reify moves {}
16 silly audit bulk request {
16 silly audit   '@0no-co/graphql.web': [ '1.2.0' ],
16 silly audit   '@babel/code-frame': [ '7.29.0', '7.10.4', '7.23.5' ],
16 silly audit   '@babel/compat-data': [ '7.29.0' ],
16 silly audit   '@babel/core': [ '7.29.0' ],
16 silly audit   '@babel/generator': [ '7.29.1' ],
16 silly audit   '@babel/helper-annotate-as-pure': [ '7.27.3' ],
16 silly audit   '@babel/helper-compilation-targets': [ '7.28.6' ],
16 silly audit   '@babel/helper-create-class-features-plugin': [ '7.28.6' ],
16 silly audit   '@babel/helper-create-regexp-features-plugin': [ '7.28.5' ],
16 silly audit   '@babel/helper-define-polyfill-provider': [ '0.6.8' ],
16 silly audit   '@babel/helper-environment-visitor': [ '7.24.7' ],
16 silly audit   '@babel/helper-globals': [ '7.28.0' ],
16 silly audit   '@babel/helper-member-expression-to-functions': [ '7.28.5' ],
16 silly audit   '@babel/helper-module-imports': [ '7.28.6' ],
16 silly audit   '@babel/helper-module-transforms': [ '7.28.6' ],
16 silly audit   '@babel/helper-optimise-call-expression': [ '7.27.1' ],
16 silly audit   '@babel/helper-plugin-utils': [ '7.28.6' ],
16 silly audit   '@babel/helper-remap-async-to-generator': [ '7.27.1' ],
16 silly audit   '@babel/helper-replace-supers': [ '7.28.6' ],
16 silly audit   '@babel/helper-skip-transparent-expression-wrappers': [ '7.27.1' ],
16 silly audit   '@babel/helper-string-parser': [ '7.27.1' ],
16 silly audit   '@babel/helper-validator-identifier': [ '7.28.5' ],
16 silly audit   '@babel/helper-validator-option': [ '7.27.1' ],
16 silly audit   '@babel/helper-wrap-function': [ '7.28.6' ],
16 silly audit   '@babel/helpers': [ '7.29.2' ],
16 silly audit   '@babel/highlight': [ '7.25.9' ],
16 silly audit   'ansi-styles': [ '3.2.1', '6.2.3', '4.3.0', '5.2.0' ],
16 silly audit   chalk: [ '2.4.2', '4.1.2' ],
16 silly audit   'color-convert': [ '1.9.3', '2.0.1' ],
16 silly audit   'color-name': [ '1.1.3', '1.1.4' ],
16 silly audit   'escape-string-regexp': [ '1.0.5', '4.0.0', '5.0.0', '2.0.0' ],
16 silly audit   'has-flag': [ '3.0.0', '4.0.0' ],
16 silly audit   'supports-color': [ '5.5.0', '8.1.1', '7.2.0' ],
16 silly audit   '@babel/parser': [ '7.29.2' ],
16 silly audit   '@babel/plugin-bugfix-firefox-class-in-computed-class-key': [ '7.28.5' ],
16 silly audit   '@babel/plugin-bugfix-safari-class-field-initializer-scope': [ '7.27.1' ],
16 silly audit   '@babel/plugin-bugfix-safari-id-destructuring-collision-in-function-expression': [ '7.27.1' ],
16 silly audit   '@babel/plugin-bugfix-v8-spread-parameters-in-optional-chaining': [ '7.27.1' ],
16 silly audit   '@babel/plugin-bugfix-v8-static-class-fields-redefine-readonly': [ '7.28.6' ],
16 silly audit   '@babel/plugin-proposal-async-generator-functions': [ '7.20.7' ],
16 silly audit   '@babel/plugin-proposal-class-properties': [ '7.18.6' ],
16 silly audit   '@babel/plugin-proposal-decorators': [ '7.29.0' ],
16 silly audit   '@babel/plugin-proposal-export-default-from': [ '7.27.1' ],
16 silly audit   '@babel/plugin-proposal-export-namespace-from': [ '7.18.9' ],
16 silly audit   '@babel/plugin-proposal-nullish-coalescing-operator': [ '7.18.6' ],
16 silly audit   '@babel/plugin-proposal-numeric-separator': [ '7.18.6' ],
16 silly audit   '@babel/plugin-proposal-object-rest-spread': [ '7.20.7' ],
16 silly audit   '@babel/plugin-proposal-optional-catch-binding': [ '7.18.6' ],
16 silly audit   '@babel/plugin-proposal-optional-chaining': [ '7.21.0' ],
16 silly audit   '@babel/plugin-proposal-private-property-in-object': [ '7.21.0-placeholder-for-preset-env.2' ],
16 silly audit   '@babel/plugin-syntax-async-generators': [ '7.8.4' ],
16 silly audit   '@babel/plugin-syntax-class-properties': [ '7.12.13' ],
16 silly audit   '@babel/plugin-syntax-decorators': [ '7.28.6' ],
16 silly audit   '@babel/plugin-syntax-dynamic-import': [ '7.8.3' ],
16 silly audit   '@babel/plugin-syntax-export-default-from': [ '7.28.6' ],
16 silly audit   '@babel/plugin-syntax-export-namespace-from': [ '7.8.3' ],
16 silly audit   '@babel/plugin-syntax-flow': [ '7.28.6' ],
16 silly audit   '@babel/plugin-syntax-import-assertions': [ '7.28.6' ],
16 silly audit   '@babel/plugin-syntax-import-attributes': [ '7.28.6' ],
16 silly audit   '@babel/plugin-syntax-jsx': [ '7.28.6' ],
16 silly audit   '@babel/plugin-syntax-nullish-coalescing-operator': [ '7.8.3' ],
16 silly audit   '@babel/plugin-syntax-numeric-separator': [ '7.10.4' ],
16 silly audit   '@babel/plugin-syntax-object-rest-spread': [ '7.8.3' ],
16 silly audit   '@babel/plugin-syntax-optional-catch-binding': [ '7.8.3' ],
16 silly audit   '@babel/plugin-syntax-optional-chaining': [ '7.8.3' ],
16 silly audit   '@babel/plugin-syntax-typescript': [ '7.28.6' ],
16 silly audit   '@babel/plugin-syntax-unicode-sets-regex': [ '7.18.6' ],
16 silly audit   '@babel/plugin-transform-arrow-functions': [ '7.27.1' ],
16 silly audit   '@babel/plugin-transform-async-generator-functions': [ '7.29.0' ],
16 silly audit   '@babel/plugin-transform-async-to-generator': [ '7.28.6' ],
16 silly audit   '@babel/plugin-transform-block-scoped-functions': [ '7.27.1' ],
16 silly audit   '@babel/plugin-transform-block-scoping': [ '7.28.6' ],
16 silly audit   '@babel/plugin-transform-class-properties': [ '7.28.6' ],
16 silly audit   '@babel/plugin-transform-class-static-block': [ '7.28.6' ],
16 silly audit   '@babel/plugin-transform-classes': [ '7.28.6' ],
16 silly audit   '@babel/plugin-transform-computed-properties': [ '7.28.6' ],
16 silly audit   '@babel/plugin-transform-destructuring': [ '7.28.5' ],
16 silly audit   '@babel/plugin-transform-dotall-regex': [ '7.28.6' ],
16 silly audit   '@babel/plugin-transform-duplicate-keys': [ '7.27.1' ],
16 silly audit   '@babel/plugin-transform-duplicate-named-capturing-groups-regex': [ '7.29.0' ],
16 silly audit   '@babel/plugin-transform-dynamic-import': [ '7.27.1' ],
16 silly audit   '@babel/plugin-transform-explicit-resource-management': [ '7.28.6' ],
16 silly audit   '@babel/plugin-transform-exponentiation-operator': [ '7.28.6' ],
16 silly audit   '@babel/plugin-transform-export-namespace-from': [ '7.27.1' ],
16 silly audit   '@babel/plugin-transform-flow-strip-types': [ '7.27.1' ],
16 silly audit   '@babel/plugin-transform-for-of': [ '7.27.1' ],
16 silly audit   '@babel/plugin-transform-function-name': [ '7.27.1' ],
16 silly audit   '@babel/plugin-transform-json-strings': [ '7.28.6' ],
16 silly audit   '@babel/plugin-transform-literals': [ '7.27.1' ],
16 silly audit   '@babel/plugin-transform-logical-assignment-operators': [ '7.28.6' ],
16 silly audit   '@babel/plugin-transform-member-expression-literals': [ '7.27.1' ],
16 silly audit   '@babel/plugin-transform-modules-amd': [ '7.27.1' ],
16 silly audit   '@babel/plugin-transform-modules-commonjs': [ '7.28.6' ],
16 silly audit   '@babel/plugin-transform-modules-systemjs': [ '7.29.0' ],
16 silly audit   '@babel/plugin-transform-modules-umd': [ '7.27.1' ],
16 silly audit   '@babel/plugin-transform-named-capturing-groups-regex': [ '7.29.0' ],
16 silly audit   '@babel/plugin-transform-new-target': [ '7.27.1' ],
16 silly audit   '@babel/plugin-transform-nullish-coalescing-operator': [ '7.28.6' ],
16 silly audit   '@babel/plugin-transform-numeric-separator': [ '7.28.6' ],
16 silly audit   '@babel/plugin-transform-object-assign': [ '7.27.1' ],
16 silly audit   '@babel/plugin-transform-object-rest-spread': [ '7.28.6' ],
16 silly audit   '@babel/plugin-transform-object-super': [ '7.27.1' ],
16 silly audit   '@babel/plugin-transform-optional-catch-binding': [ '7.28.6' ],
16 silly audit   '@babel/plugin-transform-optional-chaining': [ '7.28.6' ],
16 silly audit   '@babel/plugin-transform-parameters': [ '7.27.7' ],
16 silly audit   '@babel/plugin-transform-private-methods': [ '7.28.6' ],
16 silly audit   '@babel/plugin-transform-private-property-in-object': [ '7.28.6' ],
16 silly audit   '@babel/plugin-transform-property-literals': [ '7.27.1' ],
16 silly audit   '@babel/plugin-transform-react-display-name': [ '7.28.0' ],
16 silly audit   '@babel/plugin-transform-react-jsx': [ '7.28.6' ],
16 silly audit   '@babel/plugin-transform-react-jsx-self': [ '7.27.1' ],
16 silly audit   '@babel/plugin-transform-react-jsx-source': [ '7.27.1' ],
16 silly audit   '@babel/plugin-transform-regenerator': [ '7.29.0' ],
16 silly audit   '@babel/plugin-transform-regexp-modifiers': [ '7.28.6' ],
16 silly audit   '@babel/plugin-transform-reserved-words': [ '7.27.1' ],
16 silly audit   '@babel/plugin-transform-runtime': [ '7.29.0' ],
16 silly audit   'babel-plugin-polyfill-corejs3': [ '0.13.0', '0.14.2' ],
16 silly audit   '@babel/plugin-transform-shorthand-properties': [ '7.27.1' ],
16 silly audit   '@babel/plugin-transform-spread': [ '7.28.6' ],
16 silly audit   '@babel/plugin-transform-sticky-regex': [ '7.27.1' ],
16 silly audit   '@babel/plugin-transform-template-literals': [ '7.27.1' ],
16 silly audit   '@babel/plugin-transform-typeof-symbol': [ '7.27.1' ],
16 silly audit   '@babel/plugin-transform-typescript': [ '7.28.6' ],
16 silly audit   '@babel/plugin-transform-unicode-escapes': [ '7.27.1' ],
16 silly audit   '@babel/plugin-transform-unicode-property-regex': [ '7.28.6' ],
16 silly audit   '@babel/plugin-transform-unicode-regex': [ '7.27.1' ],
16 silly audit   '@babel/plugin-transform-unicode-sets-regex': [ '7.28.6' ],
16 silly audit   '@babel/preset-env': [ '7.29.2' ],
16 silly audit   '@babel/preset-flow': [ '7.27.1' ],
16 silly audit   '@babel/preset-modules': [ '0.1.6-no-external-plugins' ],
16 silly audit   '@babel/preset-typescript': [ '7.28.5' ],
16 silly audit   '@babel/register': [ '7.28.6' ],
16 silly audit   '@babel/runtime': [ '7.29.2' ],
16 silly audit   '@babel/template': [ '7.28.6' ],
16 silly audit   '@babel/traverse': [ '7.29.0' ],
16 silly audit   '@babel/types': [ '7.29.0' ],
16 silly audit   '@bacons/react-views': [ '1.1.3' ],
16 silly audit   '@cspotcode/source-map-support': [ '0.8.1' ],
16 silly audit   '@jridgewell/trace-mapping': [ '0.3.9', '0.3.31' ],
16 silly audit   '@egjs/hammerjs': [ '2.0.17' ],
16 silly audit   '@emnapi/core': [ '1.9.1' ],
16 silly audit   '@emnapi/runtime': [ '1.9.1' ],
16 silly audit   '@emnapi/wasi-threads': [ '1.2.0' ],
16 silly audit   '@eslint-community/eslint-utils': [ '4.9.1' ],
16 silly audit   'eslint-visitor-keys': [ '3.4.3', '5.0.1', '4.2.1' ],
16 silly audit   '@eslint-community/regexpp': [ '4.12.2' ],
16 silly audit   '@eslint/config-array': [ '0.21.2' ],
16 silly audit   '@eslint/config-helpers': [ '0.4.2' ],
16 silly audit   '@eslint/core': [ '0.17.0' ],
16 silly audit   '@eslint/eslintrc': [ '3.3.5' ],
16 silly audit   ajv: [ '6.15.0', '8.20.0', '8.11.0' ],
16 silly audit   'json-schema-traverse': [ '0.4.1', '1.0.0' ],
16 silly audit   '@eslint/js': [ '9.39.4' ],
16 silly audit   '@eslint/object-schema': [ '2.1.7' ],
16 silly audit   '@eslint/plugin-kit': [ '0.4.1' ],
16 silly audit   '@expo/apple-utils': [ '2.1.19' ],
16 silly audit   '@expo/bunyan': [ '4.0.0' ],
16 silly audit   uuid: [ '8.3.2', '9.0.1', '3.4.0', '7.0.3' ],
16 silly audit   '@expo/cli': [ '0.10.17' ],
16 silly audit   argparse: [ '1.0.10', '2.0.1' ],
16 silly audit   'ci-info': [ '3.9.0', '2.0.0' ],
16 silly audit   'form-data': [ '3.0.4', '4.0.5' ],
16 silly audit   'http-errors': [ '2.0.0', '2.0.1' ],
16 silly audit   'js-yaml': [ '3.14.2', '4.1.1' ],
16 silly audit   'on-finished': [ '2.4.1', '2.3.0' ],
16 silly audit   semver: [
16 silly audit     '7.7.4', '7.5.3',
16 silly audit     '7.5.2', '7.3.2',
16 silly audit     '5.7.2', '7.5.4',
16 silly audit     '6.3.1'
16 silly audit   ],
16 silly audit   send: [ '0.18.0', '0.19.2' ],
16 silly audit   debug: [ '2.6.9', '3.2.7', '4.4.3' ],
16 silly audit   ms: [ '2.0.0', '2.1.3' ],
16 silly audit   statuses: [ '2.0.1', '2.0.2', '1.5.0' ],
16 silly audit   ws: [ '8.20.0', '8.18.3', '6.2.3', '7.5.10' ],
16 silly audit   '@expo/code-signing-certificates': [ '0.0.5' ],
16 silly audit   '@expo/config': [ '8.1.2', '55.0.10', '10.0.11' ],
16 silly audit   '@expo/config-plugins': [ '7.2.5', '55.0.7', '9.0.17' ],
16 silly audit   '@expo/json-file': [ '8.2.37', '8.3.3', '10.0.13', '9.0.2', '9.1.5' ],
16 silly audit   '@expo/config-types': [ '49.0.0', '55.0.5', '52.0.5' ],
16 silly audit   'lru-cache': [ '6.0.0', '10.4.3', '11.3.5', '5.1.1' ],
16 silly audit   yallist: [ '4.0.0', '5.0.0', '3.1.1' ],
16 silly audit   '@expo/dev-server': [ '0.5.5' ],
16 silly audit   '@expo/osascript': [ '2.0.33', '2.4.2', '2.1.4' ],
16 silly audit   'fs-extra': [ '9.0.0', '11.2.0', '10.1.0', '9.1.0', '11.3.4', '8.1.0' ],
16 silly audit   jsonfile: [ '6.2.1', '4.0.0' ],
16 silly audit   universalify: [ '2.0.1', '1.0.0', '0.1.2' ],
16 silly audit   open: [ '8.4.2', '6.4.0' ],
16 silly audit   'serialize-error': [ '6.0.0', '2.1.0' ],
16 silly audit   'type-fest': [ '0.12.0', '0.3.1', '0.21.3', '0.16.0', '0.7.1' ],
16 silly audit   '@expo/devcert': [ '1.2.1' ],
16 silly audit   '@expo/eas-build-job': [ '18.8.0' ],
16 silly audit   '@expo/eas-json': [ '18.8.0' ],
16 silly audit   joi: [ '17.11.0', '17.13.3' ],
16 silly audit   'log-symbols': [ '4.1.0', '2.2.0' ],
16 silly audit   tslib: [ '2.4.1', '2.6.2', '2.8.1' ],
16 silly audit   '@expo/env': [ '0.0.5', '1.0.7' ],
16 silly audit   '@expo/image-utils': [ '0.3.22', '0.6.5' ],
16 silly audit   'crypto-random-string': [ '1.0.0', '2.0.0' ],
16 silly audit   mime: [ '2.6.0', '3.0.0', '1.6.0' ],
16 silly audit   'temp-dir': [ '1.0.0', '2.0.0' ],
16 silly audit   tempy: [ '0.3.0', '0.7.1' ],
16 silly audit   'unique-string': [ '1.0.0', '2.0.0' ],
16 silly audit   '@expo/logger': [ '18.5.0' ],
16 silly audit   '@expo/metro-config': [ '0.10.7' ],
16 silly audit   '@expo/metro-runtime': [ '2.2.16' ],
16 silly audit   '@expo/multipart-body-parser': [ '2.0.0' ],
16 silly audit   '@expo/spawn-async': [ '1.7.2', '1.5.0' ],
16 silly audit   '@expo/package-manager': [ '1.1.2', '1.9.10' ],
16 silly audit   '@expo/pkcs12': [ '0.1.3' ],
16 silly audit   '@expo/plist': [ '0.0.20', '0.5.2', '0.2.0', '0.2.2' ],
16 silly audit   '@expo/plugin-help': [ '5.1.23' ],
16 silly audit   '@oclif/core': [ '2.16.0', '4.10.6' ],
16 silly audit   'astral-regex': [ '2.0.0', '1.0.0' ],
16 silly audit   'clean-stack': [ '3.0.1', '2.2.0' ],
16 silly audit   'slice-ansi': [ '4.0.0', '2.1.0' ],
16 silly audit   '@expo/plugin-warn-if-update-available': [ '2.5.1' ],
16 silly audit   '@expo/prebuild-config': [ '6.2.6', '8.0.17' ],
16 silly audit   '@expo/require-utils': [ '55.0.4' ],
16 silly audit   '@expo/results': [ '1.0.0' ],
16 silly audit   '@expo/rudder-sdk-node': [ '1.1.1' ],
16 silly audit   '@expo/sdk-runtime-versions': [ '1.0.0' ],
16 silly audit   'cross-spawn': [ '6.0.6', '7.0.6' ],
16 silly audit   'path-key': [ '2.0.1', '3.1.1' ],
16 silly audit   'shebang-command': [ '1.2.0', '2.0.0' ],
16 silly audit   'shebang-regex': [ '1.0.0', '3.0.0' ],
16 silly audit   which: [ '1.3.1', '2.0.2' ],
16 silly audit   '@expo/steps': [ '18.8.0' ],
16 silly audit   arg: [ '5.0.2', '4.1.0' ],
16 silly audit   '@expo/sudo-prompt': [ '9.3.2' ],
16 silly audit   '@expo/timeago.js': [ '1.0.0' ],
16 silly audit   '@expo/vector-icons': [ '13.0.0' ],
16 silly audit   '@expo/xcpretty': [ '4.4.3' ],
16 silly audit   '@gar/promisify': [ '1.1.3' ],
16 silly audit   '@graphql-typed-document-node/core': [ '3.2.0' ],
16 silly audit   '@hapi/hoek': [ '9.3.0' ],
16 silly audit   '@hapi/topo': [ '5.1.0' ],
16 silly audit   '@hugeicons/core-free-icons': [ '4.0.0' ],
16 silly audit   '@hugeicons/react-native': [ '1.0.13' ],
16 silly audit   '@humanfs/core': [ '0.19.1' ],
16 silly audit   '@humanfs/node': [ '0.16.7' ],
16 silly audit   '@humanwhocodes/module-importer': [ '1.0.1' ],
16 silly audit   '@humanwhocodes/retry': [ '0.4.3' ],
16 silly audit   '@ide/backoff': [ '1.0.0' ],
16 silly audit   '@isaacs/cliui': [ '8.0.2' ],
16 silly audit   'ansi-regex': [ '6.2.2', '4.1.1', '5.0.1' ],
16 silly audit   'emoji-regex': [ '9.2.2', '8.0.0' ],
16 silly audit   'string-width': [ '5.1.2', '4.2.3' ],
16 silly audit   'strip-ansi': [ '7.2.0', '6.0.1', '5.2.0' ],
16 silly audit   'wrap-ansi': [ '8.1.0', '6.2.0', '7.0.0' ],
16 silly audit   '@isaacs/fs-minipass': [ '4.0.1' ],
16 silly audit   minipass: [ '7.1.3', '4.2.8', '3.1.6', '5.0.0' ],
16 silly audit   '@jest/create-cache-key-function': [ '29.7.0' ],
16 silly audit   '@jest/environment': [ '29.7.0' ],
16 silly audit   '@jest/fake-timers': [ '29.7.0' ],
16 silly audit   '@jest/schemas': [ '29.6.3' ],
16 silly audit   '@jest/types': [ '29.6.3', '26.6.2', '27.5.1' ],
16 silly audit   '@jimp/bmp': [ '0.16.13' ],
16 silly audit   '@jimp/core': [ '0.16.13' ],
16 silly audit   '@jimp/custom': [ '0.16.13' ],
16 silly audit   '@jimp/gif': [ '0.16.13' ],
16 silly audit   '@jimp/jpeg': [ '0.16.13' ],
16 silly audit   '@jimp/plugin-blit': [ '0.16.13' ],
16 silly audit   '@jimp/plugin-blur': [ '0.16.13' ],
16 silly audit   '@jimp/plugin-circle': [ '0.16.13' ],
16 silly audit   '@jimp/plugin-color': [ '0.16.13' ],
16 silly audit   '@jimp/plugin-contain': [ '0.16.13' ],
16 silly audit   '@jimp/plugin-cover': [ '0.16.13' ],
16 silly audit   '@jimp/plugin-crop': [ '0.16.13' ],
16 silly audit   '@jimp/plugin-displace': [ '0.16.13' ],
16 silly audit   '@jimp/plugin-dither': [ '0.16.13' ],
16 silly audit   '@jimp/plugin-fisheye': [ '0.16.13' ],
16 silly audit   '@jimp/plugin-flip': [ '0.16.13' ],
16 silly audit   '@jimp/plugin-gaussian': [ '0.16.13' ],
16 silly audit   '@jimp/plugin-invert': [ '0.16.13' ],
16 silly audit   '@jimp/plugin-mask': [ '0.16.13' ],
16 silly audit   '@jimp/plugin-normalize': [ '0.16.13' ],
16 silly audit   '@jimp/plugin-print': [ '0.16.13' ],
16 silly audit   '@jimp/plugin-resize': [ '0.16.13' ],
16 silly audit   '@jimp/plugin-rotate': [ '0.16.13' ],
16 silly audit   '@jimp/plugin-scale': [ '0.16.13' ],
16 silly audit   '@jimp/plugin-shadow': [ '0.16.13' ],
16 silly audit   '@jimp/plugin-threshold': [ '0.16.13' ],
16 silly audit   '@jimp/plugins': [ '0.16.13' ],
16 silly audit   '@jimp/png': [ '0.16.13' ],
16 silly audit   '@jimp/tiff': [ '0.16.13' ],
16 silly audit   '@jimp/types': [ '0.16.13' ],
16 silly audit   '@jimp/utils': [ '0.16.13' ],
16 silly audit   '@jridgewell/gen-mapping': [ '0.3.13' ],
16 silly audit   '@jridgewell/remapping': [ '2.3.5' ],
16 silly audit   '@jridgewell/resolve-uri': [ '3.1.2' ],
16 silly audit   '@jridgewell/source-map': [ '0.3.11' ],
16 silly audit   '@jridgewell/sourcemap-codec': [ '1.5.5' ],
16 silly audit   '@napi-rs/wasm-runtime': [ '0.2.12' ],
16 silly audit   '@nodelib/fs.scandir': [ '2.1.5' ],
16 silly audit   '@nodelib/fs.stat': [ '2.0.5' ],
16 silly audit   '@nodelib/fs.walk': [ '1.2.8' ],
16 silly audit   '@nolyfill/is-core-module': [ '1.0.39' ],
16 silly audit   '@npmcli/fs': [ '1.1.1' ],
16 silly audit   '@npmcli/move-file': [ '1.1.2' ],
16 silly audit   mkdirp: [ '1.0.4', '0.5.6' ],
16 silly audit   'balanced-match': [ '4.0.4', '1.0.2' ],
16 silly audit   'brace-expansion': [ '5.0.5', '2.1.0', '1.1.14' ],
16 silly audit   minimatch: [
16 silly audit     '10.2.5', '10.2.4',
16 silly audit     '8.0.7',  '9.0.9',
16 silly audit     '5.1.2',  '5.1.9',
16 silly audit     '3.1.5'
16 silly audit   ],
16 silly audit   '@oclif/plugin-autocomplete': [ '3.2.46' ],
16 silly audit   '@pkgjs/parseargs': [ '0.11.0' ],
16 silly audit   '@radix-ui/react-compose-refs': [ '1.0.0' ],
16 silly audit   '@radix-ui/react-slot': [ '1.0.1' ],
16 silly audit   '@react-native-async-storage/async-storage': [ '1.18.2' ],
16 silly audit   '@react-native-community/cli': [ '11.3.10' ],
16 silly audit   '@react-native-community/cli-clean': [ '11.3.10' ],
16 silly audit   execa: [ '5.1.1', '1.0.0' ],
16 silly audit   'get-stream': [ '6.0.1', '4.1.0' ],
16 silly audit   'is-stream': [ '2.0.1', '1.1.0' ],
16 silly audit   'mimic-fn': [ '2.1.0', '1.2.0' ],
16 silly audit   'npm-run-path': [ '4.0.1', '2.0.2' ],
16 silly audit   onetime: [ '5.1.2', '2.0.1' ],
16 silly audit   '@react-native-community/cli-config': [ '11.3.10' ],
16 silly audit   cosmiconfig: [ '5.2.1', '8.3.6' ],
16 silly audit   'import-fresh': [ '2.0.0', '3.3.1' ],
16 silly audit   'parse-json': [ '4.0.0', '5.2.0' ],
16 silly audit   'resolve-from': [ '3.0.0', '4.0.0', '5.0.0' ],
16 silly audit   '@react-native-community/cli-debugger-ui': [ '11.3.10' ],
16 silly audit   '@react-native-community/cli-doctor': [ '11.3.10' ],
16 silly audit   'cli-cursor': [ '3.1.0', '2.1.0' ],
16 silly audit   ora: [ '5.4.1', '3.4.0', '5.1.0' ],
16 silly audit   'restore-cursor': [ '3.1.0', '2.0.0' ],
16 silly audit   '@react-native-community/cli-hermes': [ '11.3.10' ],
16 silly audit   '@react-native-community/cli-platform-android': [ '11.3.10' ],
16 silly audit   '@react-native-community/cli-platform-ios': [ '11.3.10' ],
16 silly audit   '@react-native-community/cli-plugin-metro': [ '11.3.10' ],
16 silly audit   '@react-native-community/cli-server-api': [ '11.3.10' ],
16 silly audit   '@types/yargs': [ '15.0.20', '17.0.35', '16.0.11' ],
16 silly audit   'pretty-format': [ '26.6.2', '29.7.0' ],
16 silly audit   'react-is': [ '17.0.2', '18.3.1', '16.13.1' ],
16 silly audit   '@react-native-community/cli-tools': [ '11.3.10' ],
16 silly audit   '@react-native-community/cli-types': [ '11.3.10' ],
16 silly audit   commander: [ '9.5.0', '7.2.0', '4.1.1', '2.20.3', '2.14.1' ],
16 silly audit   'find-up': [ '4.1.0', '5.0.0', '3.0.0' ],
16 silly audit   'locate-path': [ '5.0.0', '6.0.0', '3.0.0' ],
16 silly audit   'p-limit': [ '2.3.0', '3.1.0' ],
16 silly audit   'p-locate': [ '4.1.0', '5.0.0', '3.0.0' ],
16 silly audit   '@react-native-community/datetimepicker': [ '7.2.0' ],
16 silly audit   '@react-native/assets-registry': [ '0.72.0' ],
16 silly audit   '@react-native/codegen': [ '0.72.8' ],
16 silly audit   '@react-native/gradle-plugin': [ '0.72.11' ],
16 silly audit   '@react-native/js-polyfills': [ '0.72.1' ],
16 silly audit   '@react-native/normalize-color': [ '2.1.0' ],
16 silly audit   '@react-native/normalize-colors': [ '0.72.0', '0.76.2', '0.74.89' ],
16 silly audit   '@react-native/virtualized-lists': [ '0.72.8' ],
16 silly audit   '@react-navigation/bottom-tabs': [ '6.6.1', '6.5.20' ],
16 silly audit   '@react-navigation/core': [ '6.4.17' ],
16 silly audit   '@react-navigation/elements': [ '1.3.31' ],
16 silly audit   '@react-navigation/native': [ '6.1.18' ],
16 silly audit   '@react-navigation/native-stack': [ '6.9.26' ],
16 silly audit   '@react-navigation/routers': [ '6.1.9' ],
16 silly audit   '@rtsao/scc': [ '1.1.0' ],
16 silly audit   '@segment/ajv-human-errors': [ '2.16.0' ],
16 silly audit   '@segment/loosely-validate-event': [ '2.0.0' ],
16 silly audit   '@sentry-internal/tracing': [ '7.77.0' ],
16 silly audit   '@sentry/core': [ '7.77.0' ],
16 silly audit   '@sentry/node': [ '7.77.0' ],
16 silly audit   '@sentry/types': [ '7.77.0' ],
16 silly audit   '@sentry/utils': [ '7.77.0' ],
16 silly audit   '@sideway/address': [ '4.1.5' ],
16 silly audit   '@sideway/formula': [ '3.0.1' ],
16 silly audit   '@sideway/pinpoint': [ '2.0.0' ],
16 silly audit   '@sinclair/typebox': [ '0.27.10' ],
16 silly audit   '@sinonjs/commons': [ '3.0.1' ],
16 silly audit   '@sinonjs/fake-timers': [ '10.3.0' ],
16 silly audit   '@socket.io/component-emitter': [ '3.1.2' ],
16 silly audit   '@svgr/babel-plugin-add-jsx-attribute': [ '8.0.0' ],
16 silly audit   '@svgr/babel-plugin-remove-jsx-attribute': [ '8.0.0' ],
16 silly audit   '@svgr/babel-plugin-remove-jsx-empty-expression': [ '8.0.0' ],
16 silly audit   '@svgr/babel-plugin-replace-jsx-attribute-value': [ '8.0.0' ],
16 silly audit   '@svgr/babel-plugin-svg-dynamic-title': [ '8.0.0' ],
16 silly audit   '@svgr/babel-plugin-svg-em-dimensions': [ '8.0.0' ],
16 silly audit   '@svgr/babel-plugin-transform-react-native-svg': [ '8.1.0' ],
16 silly audit   '@svgr/babel-plugin-transform-svg-component': [ '8.0.0' ],
16 silly audit   '@svgr/babel-preset': [ '8.1.0' ],
16 silly audit   '@svgr/core': [ '8.1.0' ],
16 silly audit   '@svgr/hast-util-to-babel-ast': [ '8.0.0' ],
16 silly audit   '@svgr/plugin-jsx': [ '8.1.0' ],
16 silly audit   '@svgr/plugin-svgo': [ '8.1.0' ],
16 silly audit   '@tokenizer/token': [ '0.3.0' ],
16 silly audit   '@tsconfig/node10': [ '1.0.12' ],
16 silly audit   '@tsconfig/node12': [ '1.0.11' ],
16 silly audit   '@tsconfig/node14': [ '1.0.3' ],
16 silly audit   '@tsconfig/node16': [ '1.0.4' ],
16 silly audit   '@tybys/wasm-util': [ '0.10.1' ],
16 silly audit   '@types/bunyan': [ '1.8.11' ],
16 silly audit   '@types/cli-progress': [ '3.11.6' ],
16 silly audit   '@types/debug': [ '4.1.13' ],
16 silly audit   '@types/estree': [ '1.0.8' ],
16 silly audit   '@types/hammerjs': [ '2.0.46' ],
16 silly audit   '@types/istanbul-lib-coverage': [ '2.0.6' ],
16 silly audit   '@types/istanbul-lib-report': [ '3.0.3' ],
16 silly audit   '@types/istanbul-reports': [ '3.0.4' ],
16 silly audit   '@types/json-schema': [ '7.0.15' ],
16 silly audit   '@types/json5': [ '0.0.29' ],
16 silly audit   '@types/mdast': [ '4.0.4' ],
16 silly audit   '@types/ms': [ '2.1.0' ],
16 silly audit   '@types/node': [ '16.9.1' ],
16 silly audit   '@types/prop-types': [ '15.7.15' ],
16 silly audit   '@types/qs': [ '6.15.0' ],
16 silly audit   '@types/react': [ '18.2.79' ],
16 silly audit   '@types/stack-utils': [ '2.0.3' ],
16 silly audit   '@types/unist': [ '3.0.3' ],
16 silly audit   '@types/yargs-parser': [ '21.0.3' ],
16 silly audit   '@typescript-eslint/eslint-plugin': [ '8.57.1' ],
16 silly audit   ignore: [ '7.0.5', '5.3.0', '5.3.2' ],
16 silly audit   '@typescript-eslint/parser': [ '8.57.1' ],
16 silly audit   '@typescript-eslint/project-service': [ '8.57.1' ],
16 silly audit   '@typescript-eslint/scope-manager': [ '8.57.1' ],
16 silly audit   '@typescript-eslint/tsconfig-utils': [ '8.57.1' ],
16 silly audit   '@typescript-eslint/type-utils': [ '8.57.1' ],
16 silly audit   '@typescript-eslint/types': [ '8.57.1' ],
16 silly audit   '@typescript-eslint/typescript-estree': [ '8.57.1' ],
16 silly audit   '@typescript-eslint/utils': [ '8.57.1' ],
16 silly audit   '@typescript-eslint/visitor-keys': [ '8.57.1' ],
16 silly audit   '@unrs/resolver-binding-android-arm-eabi': [ '1.11.1' ],
16 silly audit   '@unrs/resolver-binding-android-arm64': [ '1.11.1' ],
16 silly audit   '@unrs/resolver-binding-darwin-arm64': [ '1.11.1' ],
16 silly audit   '@unrs/resolver-binding-darwin-x64': [ '1.11.1' ],
16 silly audit   '@unrs/resolver-binding-freebsd-x64': [ '1.11.1' ],
16 silly audit   '@unrs/resolver-binding-linux-arm-gnueabihf': [ '1.11.1' ],
16 silly audit   '@unrs/resolver-binding-linux-arm-musleabihf': [ '1.11.1' ],
16 silly audit   '@unrs/resolver-binding-linux-arm64-gnu': [ '1.11.1' ],
16 silly audit   '@unrs/resolver-binding-linux-arm64-musl': [ '1.11.1' ],
16 silly audit   '@unrs/resolver-binding-linux-ppc64-gnu': [ '1.11.1' ],
16 silly audit   '@unrs/resolver-binding-linux-riscv64-gnu': [ '1.11.1' ],
16 silly audit   '@unrs/resolver-binding-linux-riscv64-musl': [ '1.11.1' ],
16 silly audit   '@unrs/resolver-binding-linux-s390x-gnu': [ '1.11.1' ],
16 silly audit   '@unrs/resolver-binding-linux-x64-gnu': [ '1.11.1' ],
16 silly audit   '@unrs/resolver-binding-linux-x64-musl': [ '1.11.1' ],
16 silly audit   '@unrs/resolver-binding-wasm32-wasi': [ '1.11.1' ],
16 silly audit   '@unrs/resolver-binding-win32-arm64-msvc': [ '1.11.1' ],
16 silly audit   '@unrs/resolver-binding-win32-ia32-msvc': [ '1.11.1' ],
16 silly audit   '@unrs/resolver-binding-win32-x64-msvc': [ '1.11.1' ],
16 silly audit   '@urql/core': [ '2.3.6', '4.0.11' ],
16 silly audit   '@urql/exchange-retry': [ '0.3.0', '1.2.0' ],
16 silly audit   '@xmldom/xmldom': [ '0.7.13', '0.8.13', '0.9.10' ],
16 silly audit   'abort-controller': [ '3.0.0' ],
16 silly audit   accepts: [ '1.3.8' ],
16 silly audit   acorn: [ '8.16.0' ],
16 silly audit   'acorn-jsx': [ '5.3.2' ],
16 silly audit   'acorn-walk': [ '8.3.5' ],
16 silly audit   'adler-32': [ '1.3.1' ],
16 silly audit   'agent-base': [ '6.0.2' ],
16 silly audit   'aggregate-error': [ '3.1.0' ],
16 silly audit   'ajv-formats': [ '2.1.1' ],
16 silly audit   'ajv-keywords': [ '5.1.0' ],
16 silly audit   anser: [ '1.4.10' ],
16 silly audit   'ansi-escapes': [ '4.3.2' ],
16 silly audit   'ansi-fragments': [ '0.2.1' ],
16 silly audit   ansicolors: [ '0.3.2' ],
16 silly audit   ansis: [ '3.17.0' ],
16 silly audit   'any-base': [ '1.1.0' ],
16 silly audit   'any-promise': [ '1.3.0' ],
16 silly audit   anymatch: [ '3.1.3' ],
16 silly audit   appdirsjs: [ '1.2.7' ],
16 silly audit   'array-buffer-byte-length': [ '1.0.2' ],
16 silly audit   'array-includes': [ '3.1.9' ],
16 silly audit   'array-union': [ '2.1.0' ],
16 silly audit   'array.prototype.findlast': [ '1.2.5' ],
16 silly audit   'array.prototype.findlastindex': [ '1.2.6' ],
16 silly audit   'array.prototype.flat': [ '1.3.3' ],
16 silly audit   'array.prototype.flatmap': [ '1.3.3' ],
16 silly audit   'array.prototype.tosorted': [ '1.1.4' ],
16 silly audit   'arraybuffer.prototype.slice': [ '1.0.4' ],
16 silly audit   asap: [ '2.0.6' ],
16 silly audit   asn1: [ '0.2.6' ],
16 silly audit   assert: [ '2.1.0' ],
16 silly audit   'ast-types': [ '0.15.2' ],
16 silly audit   async: [ '3.2.6' ],
16 silly audit   'async-function': [ '1.0.0' ],
16 silly audit   'async-limiter': [ '1.0.1' ],
16 silly audit   asynckit: [ '0.4.0' ],
16 silly audit   'at-least-node': [ '1.0.0' ],
16 silly audit   'available-typed-arrays': [ '1.0.7' ],
16 silly audit   axios: [ '1.15.2' ],
16 silly audit   b4a: [ '1.8.0' ],
16 silly audit   'babel-core': [ '7.0.0-bridge.0' ],
16 silly audit   'babel-plugin-module-resolver': [ '5.0.3' ],
16 silly audit   glob: [ '9.3.5', '10.5.0', '13.0.6', '7.1.6', '6.0.4', '7.2.3' ],
16 silly audit   'babel-plugin-polyfill-corejs2': [ '0.4.17' ],
16 silly audit   'babel-plugin-polyfill-regenerator': [ '0.6.8' ],
16 silly audit   'babel-plugin-react-native-web': [ '0.18.12' ],
16 silly audit   'babel-plugin-syntax-trailing-function-commas': [ '7.0.0-beta.0' ],
16 silly audit   'babel-plugin-transform-flow-enums': [ '0.0.2' ],
16 silly audit   'babel-preset-expo': [ '9.5.2' ],
16 silly audit   'babel-preset-fbjs': [ '3.4.0' ],
16 silly audit   badgin: [ '1.2.3' ],
16 silly audit   bail: [ '2.0.2' ],
16 silly audit   'bare-events': [ '2.8.2' ],
16 silly audit   'base64-js': [ '1.5.1' ],
16 silly audit   'baseline-browser-mapping': [ '2.10.9' ],
16 silly audit   'better-opn': [ '3.0.2' ],
16 silly audit   'big-integer': [ '1.6.52' ],
16 silly audit   bl: [ '4.1.0' ],
16 silly audit   'readable-stream': [ '3.6.2', '4.7.0', '2.3.8' ],
16 silly audit   'blueimp-md5': [ '2.19.0' ],
16 silly audit   'bmp-js': [ '0.1.0' ],
16 silly audit   'body-parser': [ '1.20.5' ],
16 silly audit   boolbase: [ '1.0.0' ],
16 silly audit   'bplist-creator': [ '0.1.0' ],
16 silly audit   'bplist-parser': [ '0.3.2', '0.3.1' ],
16 silly audit   braces: [ '3.0.3' ],
16 silly audit   browserslist: [ '4.28.1' ],
16 silly audit   bser: [ '2.1.1' ],
16 silly audit   buffer: [ '5.7.1', '6.0.3' ],
16 silly audit   'buffer-alloc': [ '1.2.0' ],
16 silly audit   'buffer-alloc-unsafe': [ '1.1.0' ],
16 silly audit   'buffer-equal': [ '0.0.1' ],
16 silly audit   'buffer-fill': [ '1.0.0' ],
16 silly audit   'buffer-from': [ '1.1.2' ],
16 silly audit   builtins: [ '1.0.3' ],
16 silly audit   bunyan: [ '1.8.15' ],
16 silly audit   bytes: [ '3.1.2' ],
16 silly audit   cacache: [ '15.3.0' ],
16 silly audit   'call-bind': [ '1.0.8' ],
16 silly audit   'call-bind-apply-helpers': [ '1.0.2' ],
16 silly audit   'call-bound': [ '1.0.4' ],
16 silly audit   'caller-callsite': [ '2.0.0' ],
16 silly audit   callsites: [ '2.0.0', '3.1.0' ],
16 silly audit   'caller-path': [ '2.0.0' ],
16 silly audit   camelcase: [ '6.3.0', '5.3.1' ],
16 silly audit   'caniuse-lite': [ '1.0.30001780' ],
16 silly audit   cardinal: [ '2.1.1' ],
16 silly audit   ccount: [ '2.0.1' ],
16 silly audit   centra: [ '2.7.0' ],
16 silly audit   cfb: [ '1.2.2' ],
16 silly audit   'character-entities': [ '2.0.2' ],
16 silly audit   charenc: [ '0.0.2' ],
16 silly audit   chownr: [ '2.0.0', '3.0.0' ],
16 silly audit   'cli-progress': [ '3.12.0' ],
16 silly audit   'cli-spinners': [ '2.9.2' ],
16 silly audit   cliui: [ '8.0.1', '6.0.0' ],
16 silly audit   clone: [ '2.1.2', '1.0.4' ],
16 silly audit   'clone-deep': [ '4.0.1' ],
16 silly audit   codepage: [ '1.15.0' ],
16 silly audit   color: [ '4.2.3' ],
16 silly audit   'color-string': [ '1.9.1' ],
16 silly audit   colorette: [ '1.4.0' ],
16 silly audit   'combined-stream': [ '1.0.8' ],
16 silly audit   'command-exists': [ '1.2.9' ],
16 silly audit   commondir: [ '1.0.1' ],
16 silly audit   'compare-urls': [ '2.0.0' ],
16 silly audit   'compare-versions': [ '3.6.0' ],
16 silly audit   'component-type': [ '1.2.2' ],
16 silly audit   compressible: [ '2.0.18' ],
16 silly audit   compression: [ '1.8.1' ],
16 silly audit   negotiator: [ '0.6.4', '0.6.3' ],
16 silly audit   'concat-map': [ '0.0.1' ],
16 silly audit   connect: [ '3.7.0' ],
16 silly audit   'content-type': [ '1.0.5' ],
16 silly audit   'convert-source-map': [ '2.0.0' ],
16 silly audit   'core-js-compat': [ '3.49.0' ],
16 silly audit   'core-util-is': [ '1.0.3' ],
16 silly audit   'crc-32': [ '1.2.2' ],
16 silly audit   'create-require': [ '1.1.1' ],
16 silly audit   'cross-fetch': [ '3.2.0' ],
16 silly audit   crypt: [ '0.0.2' ],
16 silly audit   'css-in-js-utils': [ '3.1.0' ],
16 silly audit   'css-select': [ '5.2.2' ],
16 silly audit   'css-tree': [ '1.1.3', '2.2.1', '2.3.1' ],
16 silly audit   'source-map': [ '0.6.1', '0.5.7', '0.7.6' ],
16 silly audit   'css-what': [ '6.2.2' ],
16 silly audit   csso: [ '5.0.5' ],
16 silly audit   'mdn-data': [ '2.0.28', '2.0.14', '2.0.30' ],
16 silly audit   csstype: [ '3.2.3' ],
16 silly audit   'dag-map': [ '1.0.2' ],
16 silly audit   'data-view-buffer': [ '1.0.2' ],
16 silly audit   'data-view-byte-length': [ '1.0.2' ],
16 silly audit   'data-view-byte-offset': [ '1.0.1' ],
16 silly audit   dateformat: [ '4.6.3' ],
16 silly audit   dayjs: [ '1.11.20' ],
16 silly audit   decamelize: [ '1.2.0' ],
16 silly audit   'decode-named-character-reference': [ '1.3.0' ],
16 silly audit   'decode-uri-component': [ '0.2.2' ],
16 silly audit   'deep-extend': [ '0.6.0' ],
16 silly audit   'deep-is': [ '0.1.4' ],
16 silly audit   deepmerge: [ '4.3.1' ],
16 silly audit   'default-gateway': [ '4.2.0' ],
16 silly audit   defaults: [ '1.0.4' ],
16 silly audit   'define-data-property': [ '1.1.4' ],
16 silly audit   'define-lazy-prop': [ '2.0.0' ],
16 silly audit   'define-properties': [ '1.2.1' ],
16 silly audit   del: [ '6.1.1' ],
16 silly audit   'delayed-stream': [ '1.0.0' ],
16 silly audit   denodeify: [ '1.2.1' ],
16 silly audit   depd: [ '2.0.0' ],
16 silly audit   'deprecated-react-native-prop-types': [ '4.2.3' ],
16 silly audit   dequal: [ '2.0.3' ],
16 silly audit   destroy: [ '1.2.0' ],
16 silly audit   'detect-libc': [ '1.0.3' ],
16 silly audit   devlop: [ '1.1.0' ],
16 silly audit   diff: [ '7.0.0', '4.0.4' ],
16 silly audit   'dir-glob': [ '3.0.1' ],
16 silly audit   doctrine: [ '2.1.0' ],
16 silly audit   'dom-serializer': [ '2.0.0' ],
16 silly audit   'dom-walk': [ '0.1.2' ],
16 silly audit   domelementtype: [ '2.3.0' ],
16 silly audit   domhandler: [ '5.0.3' ],
16 silly audit   domino: [ '2.1.7' ],
16 silly audit   domutils: [ '3.2.2' ],
16 silly audit   'dot-case': [ '3.0.4' ],
16 silly audit   dotenv: [ '16.0.3', '16.4.7', '16.3.1', '16.6.1' ],
16 silly audit   'dotenv-expand': [ '10.0.0', '11.0.7' ],
16 silly audit   'dtrace-provider': [ '0.8.8' ],
16 silly audit   'dunder-proto': [ '1.0.1' ],
16 silly audit   'eas-cli': [ '18.8.1' ],
16 silly audit   getenv: [ '2.0.0', '1.0.0' ],
16 silly audit   xmlbuilder: [ '15.1.1', '11.0.1', '14.0.0' ],
16 silly audit   'path-scurry': [ '1.11.1', '2.0.2' ],
16 silly audit   envinfo: [ '7.11.0', '7.21.0' ],
16 silly audit   'fast-glob': [ '3.3.2', '3.3.3' ],
16 silly audit   'glob-parent': [ '5.1.2', '6.0.2' ],
16 silly audit   graphql: [ '16.8.1', '15.8.0' ],
16 silly audit   'hosted-git-info': [ '7.0.2', '3.0.8' ],
16 silly audit   minizlib: [ '3.0.1', '3.1.0', '2.1.2' ],
16 silly audit   nanoid: [ '3.3.8', '3.3.11' ],
16 silly audit   'node-fetch': [ '2.6.7', '2.7.0' ],
16 silly audit   'node-forge': [ '1.3.1', '1.4.0' ],
16 silly audit   'npm-package-arg': [ '11.0.3', '7.0.0' ],
16 silly audit   'pkg-dir': [ '4.2.0', '3.0.0' ],
16 silly audit   pngjs: [ '7.0.0', '3.4.0' ],
16 silly audit   'qrcode-terminal': [ '0.12.0', '0.11.0' ],
16 silly audit   rimraf: [ '5.0.10', '2.4.5', '3.0.2', '2.6.3' ],
16 silly audit   sucrase: [ '3.35.0', '3.35.1' ],
16 silly audit   tar: [ '7.5.7', '6.2.1' ],
16 silly audit   'validate-npm-package-name': [ '5.0.1', '3.0.0' ],
16 silly audit   wonka: [ '6.3.6', '4.0.15' ],
16 silly audit   yaml: [ '2.6.0', '2.8.3' ],
16 silly audit   eastasianwidth: [ '0.2.0' ],
16 silly audit   'ee-first': [ '1.1.1' ],
16 silly audit   ejs: [ '3.1.10' ],
16 silly audit   'electron-to-chromium': [ '1.5.321' ],
16 silly audit   encodeurl: [ '1.0.2', '2.0.0' ],
16 silly audit   'end-of-stream': [ '1.4.5' ],
16 silly audit   'engine.io-client': [ '6.6.4' ],
16 silly audit   'engine.io-parser': [ '5.2.3' ],
16 silly audit   entities: [ '4.5.0' ],
16 silly audit   'env-editor': [ '0.4.2' ],
16 silly audit   'env-paths': [ '2.2.0' ],
16 silly audit   'env-string': [ '1.0.1' ],
16 silly audit   'err-code': [ '2.0.3' ],
16 silly audit   'error-ex': [ '1.3.4' ],
16 silly audit   'error-stack-parser': [ '2.1.4' ],
16 silly audit   errorhandler: [ '1.5.2' ],
16 silly audit   'es-abstract': [ '1.24.1' ],
16 silly audit   'es-define-property': [ '1.0.1' ],
16 silly audit   'es-errors': [ '1.3.0' ],
16 silly audit   'es-iterator-helpers': [ '1.3.1' ],
16 silly audit   'es-object-atoms': [ '1.1.1' ],
16 silly audit   'es-set-tostringtag': [ '2.1.0' ],
16 silly audit   'es-shim-unscopables': [ '1.1.0' ],
16 silly audit   'es-to-primitive': [ '1.3.0' ],
16 silly audit   escalade: [ '3.2.0' ],
16 silly audit   'escape-html': [ '1.0.3' ],
16 silly audit   eslint: [ '9.39.4' ],
16 silly audit   'eslint-config-expo': [ '10.0.0' ],
16 silly audit   globals: [ '16.5.0', '14.0.0' ],
16 silly audit   'eslint-import-resolver-node': [ '0.3.9' ],
16 silly audit   'eslint-import-resolver-typescript': [ '3.10.1' ],
16 silly audit   'eslint-module-utils': [ '2.12.1' ],
16 silly audit   'eslint-plugin-expo': [ '1.0.0' ],
16 silly audit   'eslint-plugin-import': [ '2.32.0' ],
16 silly audit   'eslint-plugin-react': [ '7.37.5' ],
16 silly audit   'eslint-plugin-react-hooks': [ '5.2.0' ],
16 silly audit   resolve: [ '2.0.0-next.6', '1.7.1', '1.22.11' ],
16 silly audit   'eslint-scope': [ '8.4.0' ],
16 silly audit   espree: [ '10.4.0' ],
16 silly audit   esprima: [ '4.0.1' ],
16 silly audit   esquery: [ '1.7.0' ],
16 silly audit   esrecurse: [ '4.3.0' ],
16 silly audit   estraverse: [ '5.3.0' ],
16 silly audit   esutils: [ '2.0.3' ],
16 silly audit   etag: [ '1.8.1' ],
16 silly audit   'event-target-shim': [ '5.0.1' ],
16 silly audit   events: [ '3.3.0' ],
16 silly audit   'events-universal': [ '1.0.1' ],
16 silly audit   'exec-async': [ '2.2.0' ],
16 silly audit   'exif-parser': [ '0.1.12' ],
16 silly audit   expo: [ '49.0.23' ],
16 silly audit   'expo-application': [ '5.3.1' ],
16 silly audit   'expo-asset': [ '8.10.1' ],
16 silly audit   'expo-av': [ '13.4.1' ],
16 silly audit   'expo-constants': [ '14.4.2' ],
16 silly audit   'expo-document-picker': [ '11.5.4' ],
16 silly audit   'expo-file-system': [ '15.4.5' ],
16 silly audit   'expo-font': [ '11.4.0' ],
16 silly audit   'expo-haptics': [ '12.4.0' ],
16 silly audit   'expo-head': [ '0.0.20' ],
16 silly audit   'expo-image': [ '1.3.5' ],
16 silly audit   'expo-image-loader': [ '4.3.0' ],
16 silly audit   'expo-image-picker': [ '14.3.2' ],
16 silly audit   'expo-keep-awake': [ '12.3.0' ],
16 silly audit   'expo-linear-gradient': [ '12.3.0' ],
16 silly audit   'expo-linking': [ '5.0.2' ],
16 silly audit   'expo-localization': [ '14.3.0' ],
16 silly audit   'expo-modules-autolinking': [ '1.5.1' ],
16 silly audit   'expo-modules-core': [ '1.5.13' ],
16 silly audit   'expo-notifications': [ '0.20.1' ],
16 silly audit   'expo-print': [ '12.4.2' ],
16 silly audit   'expo-router': [ '2.0.15' ],
16 silly audit   'expo-sharing': [ '11.5.0' ],
16 silly audit   'expo-splash-screen': [ '0.20.5' ],
16 silly audit   'expo-status-bar': [ '1.6.0' ],
16 silly audit   'expo-symbols': [ '1.0.8' ],
16 silly audit   'expo-system-ui': [ '2.4.0' ],
16 silly audit   'expo-web-browser': [ '12.3.2' ],
16 silly audit   extend: [ '3.0.2' ],
16 silly audit   'fast-deep-equal': [ '3.1.3' ],
16 silly audit   'fast-fifo': [ '1.3.2' ],
16 silly audit   'fast-json-stable-stringify': [ '2.1.0' ],
16 silly audit   'fast-levenshtein': [ '2.0.6' ],
16 silly audit   'fast-loops': [ '1.1.4' ],
16 silly audit   'fast-uri': [ '3.1.0' ],
16 silly audit   'fast-xml-parser': [ '4.5.6' ],
16 silly audit   fastq: [ '1.20.1' ],
16 silly audit   'fb-watchman': [ '2.0.2' ],
16 silly audit   fbemitter: [ '3.0.0' ],
16 silly audit   fbjs: [ '3.0.5' ],
16 silly audit   'fbjs-css-vars': [ '1.0.2' ],
16 silly audit   promise: [ '7.3.1', '8.3.0' ],
16 silly audit   'fetch-retry': [ '4.1.1' ],
16 silly audit   figures: [ '3.2.0' ],
16 silly audit   'file-entry-cache': [ '8.0.0' ],
16 silly audit   'file-type': [ '16.5.4' ],
16 silly audit   filelist: [ '1.0.6' ],
16 silly audit   'fill-range': [ '7.1.1' ],
16 silly audit   'filter-obj': [ '1.1.0' ],
16 silly audit   finalhandler: [ '1.1.2' ],
16 silly audit   'find-babel-config': [ '2.1.2' ],
16 silly audit   'find-cache-dir': [ '2.1.0' ],
16 silly audit   'find-yarn-workspace-root': [ '2.0.0' ],
16 silly audit   'flat-cache': [ '4.0.1' ],
16 silly audit   flatted: [ '3.4.2' ],
16 silly audit   'flow-enums-runtime': [ '0.0.5' ],
16 silly audit   'flow-parser': [ '0.206.0' ],
16 silly audit   'follow-redirects': [ '1.16.0' ],
16 silly audit   fontfaceobserver: [ '2.3.0' ],
16 silly audit   'for-each': [ '0.3.5' ],
16 silly audit   'foreground-child': [ '3.3.1' ],
16 silly audit   'signal-exit': [ '4.1.0', '3.0.7' ],
16 silly audit   frac: [ '1.1.2' ],
16 silly audit   'freeport-async': [ '2.0.0' ],
16 silly audit   fresh: [ '0.5.2' ],
16 silly audit   'fs-minipass': [ '2.1.0' ],
16 silly audit   'fs.realpath': [ '1.0.0' ],
16 silly audit   fsevents: [ '2.3.3' ],
16 silly audit   'function-bind': [ '1.1.2' ],
16 silly audit   'function.prototype.name': [ '1.1.8' ],
16 silly audit   'functions-have-names': [ '1.2.3' ],
16 silly audit   'generator-function': [ '2.0.1' ],
16 silly audit   gensync: [ '1.0.0-beta.2' ],
16 silly audit   'get-caller-file': [ '2.0.5' ],
16 silly audit   'get-intrinsic': [ '1.3.0' ],
16 silly audit   'get-package-type': [ '0.1.0' ],
16 silly audit   'get-proto': [ '1.0.1' ],
16 silly audit   'get-symbol-description': [ '1.1.0' ],
16 silly audit   'get-tsconfig': [ '4.13.6' ],
16 silly audit   gifwrap: [ '0.9.4' ],
16 silly audit   global: [ '4.4.0' ],
16 silly audit   globalthis: [ '1.0.4' ],
16 silly audit   globby: [ '11.1.0' ],
16 silly audit   'golden-fleece': [ '1.0.9' ],
16 silly audit   gopd: [ '1.2.0' ],
16 silly audit   'graceful-fs': [ '4.2.11' ],
16 silly audit   'gradle-to-js': [ '2.0.1' ],
16 silly audit   'graphql-tag': [ '2.12.6' ],
16 silly audit   'has-bigints': [ '1.1.0' ],
16 silly audit   'has-property-descriptors': [ '1.0.2' ],
16 silly audit   'has-proto': [ '1.2.0' ],
16 silly audit   'has-symbols': [ '1.1.0' ],
16 silly audit   'has-tostringtag': [ '1.0.2' ],
16 silly audit   hasown: [ '2.0.2' ],
16 silly audit   'hermes-estree': [ '0.12.0' ],
16 silly audit   'hermes-parser': [ '0.12.0' ],
16 silly audit   'hermes-profile-transformer': [ '0.0.6' ],
16 silly audit   'hoist-non-react-statics': [ '3.3.2' ],
16 silly audit   'html-parse-stringify': [ '3.0.1' ],
16 silly audit   'http-call': [ '5.3.0' ],
16 silly audit   'https-proxy-agent': [ '5.0.1' ],
16 silly audit   'human-signals': [ '2.1.0' ],
16 silly audit   hyperlinker: [ '1.0.0' ],
16 silly audit   'hyphenate-style-name': [ '1.1.0' ],
16 silly audit   i18next: [ '26.0.8' ],
16 silly audit   'iconv-lite': [ '0.4.24' ],
16 silly audit   ieee754: [ '1.2.1' ],
16 silly audit   'image-q': [ '4.0.0' ],
16 silly audit   'image-size': [ '1.2.1' ],
16 silly audit   imurmurhash: [ '0.1.4' ],
16 silly audit   'indent-string': [ '4.0.0' ],
16 silly audit   'infer-owner': [ '1.0.4' ],
16 silly audit   inflight: [ '1.0.6' ],
16 silly audit   inherits: [ '2.0.4' ],
16 silly audit   ini: [ '1.3.8' ],
16 silly audit   'inline-style-prefixer': [ '6.0.4' ],
16 silly audit   'internal-ip': [ '4.3.0' ],
16 silly audit   'internal-slot': [ '1.1.0' ],
16 silly audit   invariant: [ '2.2.4' ],
16 silly audit   ip: [ '1.1.9' ],
16 silly audit   'ip-regex': [ '2.1.0' ],
16 silly audit   'ipaddr.js': [ '1.9.1' ],
16 silly audit   'is-arguments': [ '1.2.0' ],
16 silly audit   'is-array-buffer': [ '3.0.5' ],
16 silly audit   'is-arrayish': [ '0.2.1', '0.3.4' ],
16 silly audit   'is-async-function': [ '2.1.1' ],
16 silly audit   'is-bigint': [ '1.1.0' ],
16 silly audit   'is-boolean-object': [ '1.2.2' ],
16 silly audit   'is-buffer': [ '1.1.6' ],
16 silly audit   'is-bun-module': [ '2.0.0' ],
16 silly audit   'is-callable': [ '1.2.7' ],
16 silly audit   'is-core-module': [ '2.16.1' ],
16 silly audit   'is-data-view': [ '1.0.2' ],
16 silly audit   'is-date-object': [ '1.1.0' ],
16 silly audit   'is-directory': [ '0.3.1' ],
16 silly audit   'is-docker': [ '2.2.1' ],
16 silly audit   'is-extglob': [ '2.1.1', '1.0.0' ],
16 silly audit   'is-finalizationregistry': [ '1.1.1' ],
16 silly audit   'is-fullwidth-code-point': [ '3.0.0', '2.0.0' ],
16 silly audit   'is-function': [ '1.0.2' ],
16 silly audit   'is-generator-function': [ '1.1.2' ],
16 silly audit   'is-glob': [ '4.0.3', '2.0.1' ],
16 silly audit   'is-interactive': [ '1.0.0' ],
16 silly audit   'is-invalid-path': [ '0.1.0' ],
16 silly audit   'is-map': [ '2.0.3' ],
16 silly audit   'is-nan': [ '1.3.2' ],
16 silly audit   'is-negative-zero': [ '2.0.3' ],
16 silly audit   'is-number': [ '7.0.0' ],
16 silly audit   'is-number-object': [ '1.1.1' ],
16 silly audit   'is-path-cwd': [ '2.2.0' ],
16 silly audit   'is-path-inside': [ '3.0.3' ],
16 silly audit   'is-plain-obj': [ '2.1.0', '1.1.0', '4.1.0' ],
16 silly audit   'is-plain-object': [ '2.0.4' ],
16 silly audit   'is-regex': [ '1.2.1' ],
16 silly audit   'is-retry-allowed': [ '1.2.0' ],
16 silly audit   'is-set': [ '2.0.3' ],
16 silly audit   'is-shared-array-buffer': [ '1.0.4' ],
16 silly audit   'is-string': [ '1.1.1' ],
16 silly audit   'is-symbol': [ '1.1.1' ],
16 silly audit   'is-typed-array': [ '1.1.15' ],
16 silly audit   'is-unicode-supported': [ '0.1.0' ],
16 silly audit   'is-valid-path': [ '0.1.1' ],
16 silly audit   'is-weakmap': [ '2.0.2' ],
16 silly audit   'is-weakref': [ '1.1.1' ],
16 silly audit   'is-weakset': [ '2.0.4' ],
16 silly audit   'is-wsl': [ '2.2.0', '1.1.0' ],
16 silly audit   isarray: [ '2.0.5', '1.0.0' ],
16 silly audit   isexe: [ '2.0.0' ],
16 silly audit   isobject: [ '3.0.1' ],
16 silly audit   'iterator.prototype': [ '1.1.5' ],
16 silly audit   jackspeak: [ '3.4.3' ],
16 silly audit   jake: [ '10.9.4' ],
16 silly audit   'jest-environment-node': [ '29.7.0' ],
16 silly audit   'jest-get-type': [ '29.6.3' ],
16 silly audit   'jest-message-util': [ '29.7.0' ],
16 silly audit   'jest-mock': [ '29.7.0' ],
16 silly audit   'jest-regex-util': [ '27.5.1' ],
16 silly audit   'jest-util': [ '29.7.0', '27.5.1' ],
16 silly audit   'jest-validate': [ '29.7.0' ],
16 silly audit   'jest-worker': [ '27.5.1' ],
16 silly audit   jimp: [ '0.16.13' ],
16 silly audit   'jimp-compact': [ '0.16.1' ],
16 silly audit   'jks-js': [ '1.1.0' ],
16 silly audit   'join-component': [ '1.1.0' ],
16 silly audit   'jpeg-js': [ '0.4.4' ],
16 silly audit   'js-tokens': [ '4.0.0' ],
16 silly audit   'jsc-android': [ '250231.0.0' ],
16 silly audit   'jsc-safe-url': [ '0.2.4' ],
16 silly audit   jscodeshift: [ '0.14.0' ],
16 silly audit   jsep: [ '1.4.0' ],
16 silly audit   jsesc: [ '3.1.0' ],
16 silly audit   'json-buffer': [ '3.0.1' ],
16 silly audit   'json-parse-better-errors': [ '1.0.2' ],
16 silly audit   'json-parse-even-better-errors': [ '2.3.1' ],
16 silly audit   'json-schema-deref-sync': [ '0.13.0' ],
16 silly audit   md5: [ '2.2.1', '2.3.0' ],
16 silly audit   'json-stable-stringify-without-jsonify': [ '1.0.1' ],
16 silly audit   json5: [ '2.2.3', '1.0.2' ],
16 silly audit   'jsx-ast-utils': [ '3.3.5' ],
16 silly audit   keychain: [ '1.5.0' ],
16 silly audit   keyv: [ '4.5.4' ],
16 silly audit   'kind-of': [ '6.0.3' ],
16 silly audit   kleur: [ '3.0.3' ],
16 silly audit   leven: [ '3.1.0' ],
16 silly audit   levn: [ '0.4.1' ],
16 silly audit   lightningcss: [ '1.19.0' ],
16 silly audit   'lightningcss-darwin-arm64': [ '1.19.0' ],
16 silly audit   'lightningcss-darwin-x64': [ '1.19.0' ],
16 silly audit   'lightningcss-linux-arm-gnueabihf': [ '1.19.0' ],
16 silly audit   'lightningcss-linux-arm64-gnu': [ '1.19.0' ],
16 silly audit   'lightningcss-linux-arm64-musl': [ '1.19.0' ],
16 silly audit   'lightningcss-linux-x64-gnu': [ '1.19.0' ],
16 silly audit   'lightningcss-linux-x64-musl': [ '1.19.0' ],
16 silly audit   'lightningcss-win32-x64-msvc': [ '1.19.0' ],
16 silly audit   lilconfig: [ '3.1.3' ],
16 silly audit   'lines-and-columns': [ '1.2.4' ],
16 silly audit   'load-bmfont': [ '1.4.2' ],
16 silly audit   phin: [ '3.7.1', '2.9.3' ],
16 silly audit   lodash: [ '4.18.1' ],
16 silly audit   'lodash.clonedeep': [ '4.5.0' ],
16 silly audit   'lodash.debounce': [ '4.0.8' ],
16 silly audit   'lodash.get': [ '4.4.2' ],
16 silly audit   'lodash.merge': [ '4.6.2' ],
16 silly audit   'lodash.throttle': [ '4.1.1' ],
16 silly audit   logkitty: [ '0.7.1' ],
16 silly audit   y18n: [ '4.0.3', '5.0.8' ],
16 silly audit   yargs: [ '15.4.1', '17.7.2' ],
16 silly audit   'yargs-parser': [ '18.1.3', '21.1.1' ],
16 silly audit   'longest-streak': [ '3.1.0' ],
16 silly audit   'loose-envify': [ '1.4.0' ],
16 silly audit   'lower-case': [ '2.0.2' ],
16 silly audit   'make-dir': [ '2.1.0' ],
16 silly audit   'make-error': [ '1.3.6' ],
16 silly audit   makeerror: [ '1.0.12' ],
16 silly audit   'markdown-table': [ '3.0.4' ],
16 silly audit   'math-intrinsics': [ '1.1.0' ],
16 silly audit   'md5-file': [ '3.2.3' ],
16 silly audit   md5hex: [ '1.0.0' ],
16 silly audit   'mdast-util-find-and-replace': [ '3.0.2' ],
16 silly audit   'mdast-util-from-markdown': [ '2.0.3' ],
16 silly audit   'mdast-util-gfm': [ '3.1.0' ],
16 silly audit   'mdast-util-gfm-autolink-literal': [ '2.0.1' ],
16 silly audit   'mdast-util-gfm-footnote': [ '2.1.0' ],
16 silly audit   'mdast-util-gfm-strikethrough': [ '2.0.0' ],
16 silly audit   'mdast-util-gfm-table': [ '2.0.0' ],
16 silly audit   'mdast-util-gfm-task-list-item': [ '2.0.0' ],
16 silly audit   'mdast-util-phrasing': [ '4.1.0' ],
16 silly audit   'mdast-util-to-markdown': [ '2.1.2' ],
16 silly audit   'mdast-util-to-string': [ '4.0.0' ],
16 silly audit   'media-typer': [ '0.3.0' ],
16 silly audit   'memoize-one': [ '5.2.1', '6.0.0' ],
16 silly audit   'memory-cache': [ '0.2.0' ],
16 silly audit   'merge-options': [ '3.0.4' ],
16 silly audit   'merge-stream': [ '2.0.0' ],
16 silly audit   merge2: [ '1.4.1' ],
16 silly audit   metro: [ '0.76.8' ],
16 silly audit   'metro-babel-transformer': [ '0.76.8' ],
16 silly audit   'metro-cache': [ '0.76.8' ],
16 silly audit   'metro-cache-key': [ '0.76.8' ],
16 silly audit   'metro-config': [ '0.76.8' ],
16 silly audit   'metro-core': [ '0.76.8' ],
16 silly audit   'metro-file-map': [ '0.76.8' ],
16 silly audit   'metro-inspector-proxy': [ '0.76.8' ],
16 silly audit   'metro-minify-terser': [ '0.76.8' ],
16 silly audit   'metro-minify-uglify': [ '0.76.8' ],
16 silly audit   'metro-react-native-babel-preset': [ '0.76.8' ],
16 silly audit   'metro-react-native-babel-transformer': [ '0.76.8' ],
16 silly audit   'metro-resolver': [ '0.76.8' ],
16 silly audit   'metro-runtime': [ '0.76.8' ],
16 silly audit   'metro-source-map': [ '0.76.8' ],
16 silly audit   'metro-symbolicate': [ '0.76.8' ],
16 silly audit   'metro-transform-plugins': [ '0.76.8' ],
16 silly audit   'metro-transform-worker': [ '0.76.8' ],
16 silly audit   micromark: [ '4.0.2' ],
16 silly audit   'micromark-core-commonmark': [ '2.0.3' ],
16 silly audit   'micromark-extension-gfm': [ '3.0.0' ],
16 silly audit   'micromark-extension-gfm-autolink-literal': [ '2.1.0' ],
16 silly audit   'micromark-extension-gfm-footnote': [ '2.1.0' ],
16 silly audit   'micromark-extension-gfm-strikethrough': [ '2.1.0' ],
16 silly audit   'micromark-extension-gfm-table': [ '2.1.1' ],
16 silly audit   'micromark-extension-gfm-tagfilter': [ '2.0.0' ],
16 silly audit   'micromark-extension-gfm-task-list-item': [ '2.1.0' ],
16 silly audit   'micromark-factory-destination': [ '2.0.1' ],
16 silly audit   'micromark-factory-label': [ '2.0.1' ],
16 silly audit   'micromark-factory-space': [ '2.0.1' ],
16 silly audit   'micromark-factory-title': [ '2.0.1' ],
16 silly audit   'micromark-factory-whitespace': [ '2.0.1' ],
16 silly audit   'micromark-util-character': [ '2.1.1' ],
16 silly audit   'micromark-util-chunked': [ '2.0.1' ],
16 silly audit   'micromark-util-classify-character': [ '2.0.1' ],
16 silly audit   'micromark-util-combine-extensions': [ '2.0.1' ],
16 silly audit   'micromark-util-decode-numeric-character-reference': [ '2.0.2' ],
16 silly audit   'micromark-util-decode-string': [ '2.0.1' ],
16 silly audit   'micromark-util-encode': [ '2.0.1' ],
16 silly audit   'micromark-util-html-tag-name': [ '2.0.1' ],
16 silly audit   'micromark-util-normalize-identifier': [ '2.0.1' ],
16 silly audit   'micromark-util-resolve-all': [ '2.0.1' ],
16 silly audit   'micromark-util-sanitize-uri': [ '2.0.1' ],
16 silly audit   'micromark-util-subtokenize': [ '2.1.0' ],
16 silly audit   'micromark-util-symbol': [ '2.0.1' ],
16 silly audit   'micromark-util-types': [ '2.0.2' ],
16 silly audit   micromatch: [ '4.0.8' ],
16 silly audit   'mime-db': [ '1.52.0' ],
16 silly audit   'mime-types': [ '2.1.35' ],
16 silly audit   'min-document': [ '2.19.2' ],
16 silly audit   minimist: [ '1.2.8' ],
16 silly audit   'minipass-collect': [ '1.0.2' ],
16 silly audit   'minipass-flush': [ '1.0.7' ],
16 silly audit   'minipass-pipeline': [ '1.2.4' ],
16 silly audit   moment: [ '2.30.1' ],
16 silly audit   multipasta: [ '0.2.7' ],
16 silly audit   'mute-stream': [ '0.0.8' ],
16 silly audit   mv: [ '2.1.1' ],
16 silly audit   mz: [ '2.7.0' ],
16 silly audit   nan: [ '2.26.2' ],
16 silly audit   'napi-postinstall': [ '0.3.4' ],
16 silly audit   'natural-compare': [ '1.4.0' ],
16 silly audit   'natural-orderby': [ '2.0.3' ],
16 silly audit   ncp: [ '2.0.0' ],
16 silly audit   'neo-async': [ '2.6.2' ],
16 silly audit   'nested-error-stacks': [ '2.0.1' ],
16 silly audit   'nice-try': [ '1.0.5' ],
16 silly audit   'no-case': [ '3.0.4' ],
16 silly audit   nocache: [ '3.0.4' ],
16 silly audit   'node-abort-controller': [ '3.1.1' ],
16 silly audit   'node-dir': [ '0.1.17' ],
16 silly audit   'node-exports-info': [ '1.6.0' ],
16 silly audit   'node-int64': [ '0.4.0' ],
16 silly audit   'node-releases': [ '2.0.36' ],
16 silly audit   'node-rsa': [ '1.1.1' ],
16 silly audit   'node-stream-zip': [ '1.15.0' ],
16 silly audit   'normalize-path': [ '3.0.0' ],
16 silly audit   'normalize-url': [ '2.0.1' ],
16 silly audit   'query-string': [ '5.1.1', '7.1.3' ],
16 silly audit   'strict-uri-encode': [ '1.1.0', '2.0.0' ],
16 silly audit   'nth-check': [ '2.1.1' ],
16 silly audit   nullthrows: [ '1.1.1' ],
16 silly audit   ob1: [ '0.76.8' ],
16 silly audit   'object-assign': [ '4.1.1' ],
16 silly audit   'object-inspect': [ '1.13.4' ],
16 silly audit   'object-is': [ '1.1.6' ],
16 silly audit   'object-keys': [ '1.1.1' ],
16 silly audit   'object-treeify': [ '1.1.33' ],
16 silly audit   'object.assign': [ '4.1.7' ],
16 silly audit   'object.entries': [ '1.1.9' ],
16 silly audit   'object.fromentries': [ '2.0.8' ],
16 silly audit   'object.groupby': [ '1.0.3' ],
16 silly audit   'object.values': [ '1.2.1' ],
16 silly audit   omggif: [ '1.0.10' ],
16 silly audit   'on-headers': [ '1.1.0' ],
16 silly audit   once: [ '1.4.0' ],
16 silly audit   optionator: [ '0.9.4' ],
16 silly audit   'os-homedir': [ '1.0.2' ],
16 silly audit   'os-tmpdir': [ '1.0.2' ],
16 silly audit   osenv: [ '0.1.5' ],
16 silly audit   'own-keys': [ '1.0.1' ],
16 silly audit   'p-finally': [ '1.0.0' ],
16 silly audit   'p-map': [ '4.0.0' ],
16 silly audit   'p-try': [ '2.2.0' ],
16 silly audit   'package-json-from-dist': [ '1.0.1' ],
16 silly audit   pako: [ '1.0.11' ],
16 silly audit   'parent-module': [ '1.0.1' ],
16 silly audit   'parse-bmfont-ascii': [ '1.0.6' ],
16 silly audit   'parse-bmfont-binary': [ '1.0.6' ],
16 silly audit   'parse-bmfont-xml': [ '1.1.6' ],
16 silly audit   xml2js: [ '0.5.0', '0.6.0' ],
16 silly audit   'parse-headers': [ '2.0.6' ],
16 silly audit   'parse-png': [ '2.1.0' ],
16 silly audit   parseurl: [ '1.3.3' ],
16 silly audit   'password-prompt': [ '1.1.3' ],
16 silly audit   'path-browserify': [ '1.0.1' ],
16 silly audit   'path-dirname': [ '1.0.2' ],
16 silly audit   'path-exists': [ '4.0.0', '3.0.0' ],
16 silly audit   'path-is-absolute': [ '1.0.1' ],
16 silly audit   'path-parse': [ '1.0.7' ],
16 silly audit   'path-type': [ '4.0.0' ],
16 silly audit   'peek-readable': [ '4.1.0' ],
16 silly audit   picocolors: [ '1.1.1' ],
16 silly audit   picomatch: [ '2.3.2', '4.0.4' ],
16 silly audit   pify: [ '4.0.1' ],
16 silly audit   pirates: [ '4.0.7' ],
16 silly audit   pixelmatch: [ '4.0.2' ],
16 silly audit   'pkg-up': [ '3.1.0' ],
16 silly audit   plist: [ '3.1.1' ],
16 silly audit   'possible-typed-array-names': [ '1.1.0' ],
16 silly audit   postcss: [ '8.4.49' ],
16 silly audit   'postcss-value-parser': [ '4.2.0' ],
16 silly audit   'prelude-ls': [ '1.2.1' ],
16 silly audit   'prepend-http': [ '2.0.0' ],
16 silly audit   'pretty-bytes': [ '5.6.0' ],
16 silly audit   'proc-log': [ '4.2.0' ],
16 silly audit   process: [ '0.11.10' ],
16 silly audit   'process-nextick-args': [ '2.0.1' ],
16 silly audit   progress: [ '2.0.3' ],
16 silly audit   'promise-inflight': [ '1.0.1' ],
16 silly audit   'promise-limit': [ '2.7.0' ],
16 silly audit   'promise-retry': [ '2.0.1' ],
16 silly audit   prompts: [ '2.4.2' ],
16 silly audit   'prop-types': [ '15.8.1' ],
16 silly audit   'proxy-from-env': [ '2.1.0' ],
16 silly audit   pump: [ '3.0.4' ],
16 silly audit   punycode: [ '2.3.1', '1.4.1' ],
16 silly audit   qs: [ '6.15.1' ],
16 silly audit   querystringify: [ '2.2.0' ],
16 silly audit   queue: [ '6.0.2' ],
16 silly audit   'queue-microtask': [ '1.2.3' ],
16 silly audit   'range-parser': [ '1.2.1' ],
16 silly audit   'raw-body': [ '2.5.3' ],
16 silly audit   rc: [ '1.2.8' ],
16 silly audit   'strip-json-comments': [ '2.0.1', '3.1.1' ],
16 silly audit   react: [ '18.2.0' ],
16 silly audit   'react-devtools-core': [ '4.28.5' ],
16 silly audit   'react-dom': [ '18.2.0' ],
16 silly audit   'react-fast-compare': [ '3.2.2' ],
16 silly audit   'react-freeze': [ '1.0.4' ],
16 silly audit   'react-helmet-async': [ '1.3.0' ],
16 silly audit   'react-i18next': [ '17.0.6' ],
16 silly audit   'react-native': [ '0.72.10' ],
16 silly audit   'react-native-gesture-handler': [ '2.12.1' ],
16 silly audit   'react-native-heroicons': [ '4.0.0' ],
16 silly audit   'react-native-reanimated': [ '3.3.0' ],
16 silly audit   'react-native-safe-area-context': [ '4.6.3' ],
16 silly audit   'react-native-screens': [ '3.22.1' ],
16 silly audit   'react-native-size-matters': [ '0.4.2' ],
16 silly audit   'react-native-svg': [ '13.9.0' ],
16 silly audit   'react-native-svg-transformer': [ '1.5.3' ],
16 silly audit   'react-native-web': [ '0.19.13' ],
16 silly audit   scheduler: [ '0.24.0-canary-efb381bbf-20230505', '0.23.2' ],
16 silly audit   'react-refresh': [ '0.4.3' ],
16 silly audit   'react-shallow-renderer': [ '16.15.0' ],
16 silly audit   'readable-web-to-node-stream': [ '3.0.4' ],
16 silly audit   readline: [ '1.3.0' ],
16 silly audit   recast: [ '0.21.5' ],
16 silly audit   redeyed: [ '2.1.1' ],
16 silly audit   'reflect.getprototypeof': [ '1.0.10' ],
16 silly audit   regenerate: [ '1.4.2' ],
16 silly audit   'regenerate-unicode-properties': [ '10.2.2' ],
16 silly audit   'regenerator-runtime': [ '0.13.11' ],
16 silly audit   'regexp.prototype.flags': [ '1.5.4' ],
16 silly audit   'regexpu-core': [ '6.4.0' ],
16 silly audit   regjsgen: [ '0.8.0' ],
16 silly audit   regjsparser: [ '0.13.0' ],
16 silly audit   'remark-gfm': [ '4.0.1' ],
16 silly audit   'remark-parse': [ '11.0.0' ],
16 silly audit   'remark-stringify': [ '11.0.0' ],
16 silly audit   'remove-trailing-slash': [ '0.1.1' ],
16 silly audit   'require-directory': [ '2.1.1' ],
16 silly audit   'require-from-string': [ '2.0.2' ],
16 silly audit   'require-main-filename': [ '2.0.0' ],
16 silly audit   requireg: [ '0.2.2' ],
16 silly audit   'requires-port': [ '1.0.0' ],
16 silly audit   reselect: [ '4.1.8' ],
16 silly audit   'resolve-pkg-maps': [ '1.0.0' ],
16 silly audit   'resolve-workspace-root': [ '2.0.1' ],
16 silly audit   retry: [ '0.12.0' ],
16 silly audit   reusify: [ '1.1.0' ],
16 silly audit   'rtl-detect': [ '1.1.2' ],
16 silly audit   'run-parallel': [ '1.2.0' ],
16 silly audit   'safe-array-concat': [ '1.1.3' ],
16 silly audit   'safe-buffer': [ '5.2.1', '5.1.2' ],
16 silly audit   'safe-json-stringify': [ '1.2.0' ],
16 silly audit   'safe-push-apply': [ '1.0.0' ],
16 silly audit   'safe-regex-test': [ '1.1.0' ],
16 silly audit   'safer-buffer': [ '2.1.2' ],
16 silly audit   sax: [ '1.6.0' ],
16 silly audit   'schema-utils': [ '4.3.3' ],
16 silly audit   'serve-static': [ '1.16.3' ],
16 silly audit   'set-blocking': [ '2.0.0' ],
16 silly audit   'set-function-length': [ '1.2.2' ],
16 silly audit   'set-function-name': [ '2.0.2' ],
16 silly audit   'set-interval-async': [ '3.0.3' ],
16 silly audit   'set-proto': [ '1.0.0' ],
16 silly audit   setimmediate: [ '1.0.5' ],
16 silly audit   setprototypeof: [ '1.2.0' ],
16 silly audit   'sf-symbols-typescript': [ '2.2.0' ],
16 silly audit   'shallow-clone': [ '3.0.1' ],
16 silly audit   shallowequal: [ '1.1.0' ],
16 silly audit   'shell-quote': [ '1.8.3' ],
16 silly audit   'side-channel': [ '1.1.0' ],
16 silly audit   'side-channel-list': [ '1.0.0' ],
16 silly audit   'side-channel-map': [ '1.0.1' ],
16 silly audit   'side-channel-weakmap': [ '1.0.2' ],
16 silly audit   'simple-plist': [ '1.3.1' ],
16 silly audit   'simple-swizzle': [ '0.2.4' ],
16 silly audit   sisteransi: [ '1.0.5' ],
16 silly audit   slash: [ '3.0.0' ],
16 silly audit   slugify: [ '1.6.9' ],
16 silly audit   'snake-case': [ '3.0.4' ],
16 silly audit   'socket.io-client': [ '4.8.3' ],
16 silly audit   'socket.io-parser': [ '4.2.6' ],
16 silly audit   'sort-keys': [ '2.0.0' ],
16 silly audit   'source-map-js': [ '1.2.1' ],
16 silly audit   'source-map-support': [ '0.5.21' ],
16 silly audit   split: [ '1.0.1' ],
16 silly audit   'split-on-first': [ '1.1.0' ],
16 silly audit   'sprintf-js': [ '1.0.3' ],
16 silly audit   ssf: [ '0.11.2' ],
16 silly audit   ssri: [ '8.0.1' ],
16 silly audit   'stable-hash': [ '0.0.5' ],
16 silly audit   'stack-utils': [ '2.0.6' ],
16 silly audit   stackframe: [ '1.3.4' ],
16 silly audit   'stacktrace-parser': [ '0.1.11' ],
16 silly audit   'stop-iteration-iterator': [ '1.1.0' ],
16 silly audit   'stream-buffers': [ '2.2.0' ],
16 silly audit   streamx: [ '2.25.0' ],
16 silly audit   string_decoder: [ '1.3.0', '1.1.1' ],
16 silly audit   'string.prototype.matchall': [ '4.0.12' ],
16 silly audit   'string.prototype.repeat': [ '1.0.0' ],
16 silly audit   'string.prototype.trim': [ '1.2.10' ],
16 silly audit   'string.prototype.trimend': [ '1.0.9' ],
16 silly audit   'string.prototype.trimstart': [ '1.0.8' ],
16 silly audit   'strip-bom': [ '3.0.0' ],
16 silly audit   'strip-eof': [ '1.0.0' ],
16 silly audit   'strip-final-newline': [ '2.0.0' ],
16 silly audit   strnum: [ '1.1.2' ],
16 silly audit   strtok3: [ '6.3.0' ],
16 silly audit   'structured-headers': [ '0.4.1' ],
16 silly audit   styleq: [ '0.1.3' ],
16 silly audit   'sudo-prompt': [ '9.1.1' ],
16 silly audit   'supports-hyperlinks': [ '2.3.0' ],
16 silly audit   'supports-preserve-symlinks-flag': [ '1.0.0' ],
16 silly audit   'svg-parser': [ '2.0.4' ],
16 silly audit   svgo: [ '3.3.3' ],
16 silly audit   'tar-stream': [ '3.1.7' ],
16 silly audit   temp: [ '0.8.4' ],
16 silly audit   'terminal-link': [ '2.1.1' ],
16 silly audit   terser: [ '5.46.2' ],
16 silly audit   'text-decoder': [ '1.2.7' ],
16 silly audit   'text-table': [ '0.2.0' ],
16 silly audit   thenify: [ '3.3.1' ],
16 silly audit   'thenify-all': [ '1.6.0' ],
16 silly audit   throat: [ '5.0.0' ],
16 silly audit   through: [ '2.3.8' ],
16 silly audit   through2: [ '2.0.5' ],
16 silly audit   timm: [ '1.7.1' ],
16 silly audit   tinycolor2: [ '1.6.0' ],
16 silly audit   tinyglobby: [ '0.2.15' ],
16 silly audit   fdir: [ '6.5.0' ],
16 silly audit   tmpl: [ '1.0.5' ],
16 silly audit   'to-regex-range': [ '5.0.1' ],
16 silly audit   toidentifier: [ '1.0.1' ],
16 silly audit   'token-types': [ '4.2.1' ],
16 silly audit   tr46: [ '0.0.3' ],
16 silly audit   traverse: [ '0.6.11' ],
16 silly audit   trough: [ '2.2.0' ],
16 silly audit   'ts-api-utils': [ '2.5.0' ],
16 silly audit   'ts-deepmerge': [ '6.2.0' ],
16 silly audit   'ts-interface-checker': [ '0.1.13' ],
16 silly audit   'ts-node': [ '10.9.2' ],
16 silly audit   'tsconfig-paths': [ '3.15.0' ],
16 silly audit   'tunnel-agent': [ '0.6.0' ],
16 silly audit   turndown: [ '7.1.2' ],
16 silly audit   'type-check': [ '0.4.0' ],
16 silly audit   'type-detect': [ '4.0.8' ],
16 silly audit   'type-is': [ '1.6.18' ],
16 silly audit   'typed-array-buffer': [ '1.0.3' ],
16 silly audit   'typed-array-byte-length': [ '1.0.3' ],
16 silly audit   'typed-array-byte-offset': [ '1.0.4' ],
16 silly audit   'typed-array-length': [ '1.0.7' ],
16 silly audit   'typedarray.prototype.slice': [ '1.0.5' ],
16 silly audit   typescript: [ '5.9.3' ],
16 silly audit   'ua-parser-js': [ '1.0.41' ],
16 silly audit   'uglify-es': [ '3.3.10' ],
16 silly audit   'unbox-primitive': [ '1.1.0' ],
16 silly audit   'unicode-canonical-property-names-ecmascript': [ '2.0.1' ],
16 silly audit   'unicode-match-property-ecmascript': [ '2.0.0' ],
16 silly audit   'unicode-match-property-value-ecmascript': [ '2.2.1' ],
16 silly audit   'unicode-property-aliases-ecmascript': [ '2.2.0' ],
16 silly audit   unified: [ '11.0.5' ],
16 silly audit   'unique-filename': [ '1.1.1' ],
16 silly audit   'unique-slug': [ '2.0.2' ],
16 silly audit   'unist-util-is': [ '6.0.1' ],
16 silly audit   'unist-util-stringify-position': [ '4.0.0' ],
16 silly audit   'unist-util-visit': [ '5.1.0' ],
16 silly audit   'unist-util-visit-parents': [ '6.0.2' ],
16 silly audit   unpipe: [ '1.0.0' ],
16 silly audit   'unrs-resolver': [ '1.11.1' ],
16 silly audit   untildify: [ '4.0.0' ],
16 silly audit   'update-browserslist-db': [ '1.2.3' ],
16 silly audit   'uri-js': [ '4.4.1' ],
16 silly audit   url: [ '0.11.4' ],
16 silly audit   'url-join': [ '4.0.0' ],
16 silly audit   'url-parse': [ '1.5.10' ],
16 silly audit   'use-latest-callback': [ '0.2.6' ],
16 silly audit   'use-sync-external-store': [ '1.6.0' ],
16 silly audit   utif: [ '2.0.1' ],
16 silly audit   util: [ '0.12.5' ],
16 silly audit   'util-deprecate': [ '1.0.2' ],
16 silly audit   'utils-merge': [ '1.0.1' ],
16 silly audit   'v8-compile-cache-lib': [ '3.0.1' ],
16 silly audit   'valid-url': [ '1.0.9' ],
16 silly audit   vary: [ '1.1.2' ],
16 silly audit   vfile: [ '6.0.3' ],
16 silly audit   'vfile-message': [ '4.0.3' ],
16 silly audit   vlq: [ '1.0.1' ],
16 silly audit   'void-elements': [ '3.1.0' ],
16 silly audit   walker: [ '1.0.8' ],
16 silly audit   'warn-once': [ '0.1.1' ],
16 silly audit   wcwidth: [ '1.0.1' ],
16 silly audit   'webidl-conversions': [ '3.0.1' ],
16 silly audit   'whatwg-fetch': [ '3.6.20' ],
16 silly audit   'whatwg-url': [ '5.0.0' ],
16 silly audit   'which-boxed-primitive': [ '1.1.1' ],
16 silly audit   'which-builtin-type': [ '1.2.1' ],
16 silly audit   'which-collection': [ '1.0.2' ],
16 silly audit   'which-module': [ '2.0.1' ],
16 silly audit   'which-typed-array': [ '1.1.20' ],
16 silly audit   'widest-line': [ '3.1.0' ],
16 silly audit   wmf: [ '1.0.2' ],
16 silly audit   word: [ '0.3.0' ],
16 silly audit   'word-wrap': [ '1.2.5' ],
16 silly audit   wordwrap: [ '1.0.0' ],
16 silly audit   wrappy: [ '1.0.2' ],
16 silly audit   'write-file-atomic': [ '2.4.3' ],
16 silly audit   xcode: [ '3.0.1' ],
16 silly audit   xhr: [ '2.6.0' ],
16 silly audit   xlsx: [ '0.18.5' ],
16 silly audit   'xml-parse-from-string': [ '1.0.1' ],
16 silly audit   'xmlhttprequest-ssl': [ '2.1.2' ],
16 silly audit   xtend: [ '4.0.2' ],
16 silly audit   yn: [ '3.1.1' ],
16 silly audit   'yocto-queue': [ '0.1.0' ],
16 silly audit   zod: [ '4.3.6' ],
16 silly audit   zustand: [ '5.0.12' ],
16 silly audit   zwitch: [ '2.0.4' ]
16 silly audit }
17 verbose audit error FetchError: request to https://registry.npmjs.org/-/npm/v1/security/advisories/bulk failed, reason: 
17 verbose audit error     at ClientRequest.<anonymous> (C:\Users\masab\AppData\Roaming\npm\node_modules\npm\node_modules\minipass-fetch\lib\index.js:130:14)
17 verbose audit error     at ClientRequest.emit (node:events:519:28)
17 verbose audit error     at emitErrorEvent (node:_http_client:105:11)
17 verbose audit error     at _destroy (node:_http_client:898:9)
17 verbose audit error     at onSocketNT (node:_http_client:918:5)
17 verbose audit error     at process.processTicksAndRejections (node:internal/process/task_queues:91:21) {
17 verbose audit error   code: 'EACCES',
17 verbose audit error   errno: 'EACCES',
17 verbose audit error   type: 'system'
17 verbose audit error }
18 silly audit error undefined
19 silly audit report null
20 verbose cwd C:\Miskat\aldo\app-aldo
21 verbose os Windows_NT 10.0.26200
22 verbose node v22.19.0
23 verbose npm  v11.12.1
24 verbose exit 0
25 info ok
